CRITICAL - 2022-11-15 04:54:31 --> article is not a valid rule.
in SYSTEMPATH/Controller.php on line 172.
 1 SYSTEMPATH/Controller.php(172): CodeIgniter\Validation\Exceptions\ValidationException::forRuleNotFound()
 2 SYSTEMPATH/Controller.php(138): CodeIgniter\Controller->setValidator()
 3 APPPATH/Controllers/Articles.php(47): CodeIgniter\Controller->validate()
 4 SYSTEMPATH/CodeIgniter.php(902): App\Controllers\Articles->create()
 5 SYSTEMPATH/CodeIgniter.php(457): CodeIgniter\CodeIgniter->runController()
 6 SYSTEMPATH/CodeIgniter.php(340): CodeIgniter\CodeIgniter->handleRequest()
 7 FCPATH/index.php(67): CodeIgniter\CodeIgniter->run()
 8 SYSTEMPATH/Commands/Server/rewrite.php(46): require_once('FCPATH/index.php')
ERROR - 2022-11-15 04:55:01 --> mysqli_sql_exception: Unknown column 'seo_title' in 'field list' in /home/mhrownaghi/Projects/codeigniter/blog/system/Database/MySQLi/Connection.php:292
Stack trace:
#0 /home/mhrownaghi/Projects/codeigniter/blog/system/Database/MySQLi/Connection.php(292): mysqli->query()
#1 /home/mhrownaghi/Projects/codeigniter/blog/system/Database/BaseConnection.php(693): CodeIgniter\Database\MySQLi\Connection->execute()
#2 /home/mhrownaghi/Projects/codeigniter/blog/system/Database/BaseConnection.php(620): CodeIgniter\Database\BaseConnection->simpleQuery()
#3 /home/mhrownaghi/Projects/codeigniter/blog/system/Database/BaseBuilder.php(1916): CodeIgniter\Database\BaseConnection->query()
#4 /home/mhrownaghi/Projects/codeigniter/blog/system/Model.php(279): CodeIgniter\Database\BaseBuilder->insert()
#5 /home/mhrownaghi/Projects/codeigniter/blog/system/BaseModel.php(748): CodeIgniter\Model->doInsert()
#6 /home/mhrownaghi/Projects/codeigniter/blog/system/Model.php(667): CodeIgniter\BaseModel->insert()
#7 /home/mhrownaghi/Projects/codeigniter/blog/app/Controllers/Articles.php(66): CodeIgniter\Model->insert()
#8 /home/mhrownaghi/Projects/codeigniter/blog/system/CodeIgniter.php(902): App\Controllers\Articles->create()
#9 /home/mhrownaghi/Projects/codeigniter/blog/system/CodeIgniter.php(457): CodeIgniter\CodeIgniter->runController()
#10 /home/mhrownaghi/Projects/codeigniter/blog/system/CodeIgniter.php(340): CodeIgniter\CodeIgniter->handleRequest()
#11 /home/mhrownaghi/Projects/codeigniter/blog/public/index.php(67): CodeIgniter\CodeIgniter->run()
#12 /home/mhrownaghi/Projects/codeigniter/blog/system/Commands/Server/rewrite.php(46): require_once('...')
#13 {main}
CRITICAL - 2022-11-15 04:55:01 --> Unknown column 'seo_title' in 'field list'
in SYSTEMPATH/Database/MySQLi/Connection.php on line 292.
 1 SYSTEMPATH/Database/MySQLi/Connection.php(292): mysqli->query()
 2 SYSTEMPATH/Database/BaseConnection.php(693): CodeIgniter\Database\MySQLi\Connection->execute()
 3 SYSTEMPATH/Database/BaseConnection.php(620): CodeIgniter\Database\BaseConnection->simpleQuery()
 4 SYSTEMPATH/Database/BaseBuilder.php(1916): CodeIgniter\Database\BaseConnection->query()
 5 SYSTEMPATH/Model.php(279): CodeIgniter\Database\BaseBuilder->insert()
 6 SYSTEMPATH/BaseModel.php(748): CodeIgniter\Model->doInsert()
 7 SYSTEMPATH/Model.php(667): CodeIgniter\BaseModel->insert()
 8 APPPATH/Controllers/Articles.php(66): CodeIgniter\Model->insert()
 9 SYSTEMPATH/CodeIgniter.php(902): App\Controllers\Articles->create()
10 SYSTEMPATH/CodeIgniter.php(457): CodeIgniter\CodeIgniter->runController()
11 SYSTEMPATH/CodeIgniter.php(340): CodeIgniter\CodeIgniter->handleRequest()
12 FCPATH/index.php(67): CodeIgniter\CodeIgniter->run()
13 SYSTEMPATH/Commands/Server/rewrite.php(46): require_once('FCPATH/index.php')
CRITICAL - 2022-11-15 05:03:38 --> Undefined variable $title
in APPPATH/Views/admin/articles/form.php on line 24.
 1 APPPATH/Views/admin/articles/form.php(24): CodeIgniter\Debug\Exceptions->errorHandler()
 2 SYSTEMPATH/View/View.php(213): include('APPPATH/Views/admin/articles/form.php')
 3 SYSTEMPATH/View/View.php(216): CodeIgniter\View\View->CodeIgniter\View\{closure}()
 4 SYSTEMPATH/Common.php(1142): CodeIgniter\View\View->render()
 5 APPPATH/Controllers/Articles.php(129): view()
 6 SYSTEMPATH/CodeIgniter.php(902): App\Controllers\Articles->edit()
 7 SYSTEMPATH/CodeIgniter.php(457): CodeIgniter\CodeIgniter->runController()
 8 SYSTEMPATH/CodeIgniter.php(340): CodeIgniter\CodeIgniter->handleRequest()
 9 FCPATH/index.php(67): CodeIgniter\CodeIgniter->run()
10 SYSTEMPATH/Commands/Server/rewrite.php(46): require_once('FCPATH/index.php')
CRITICAL - 2022-11-15 05:04:55 --> Undefined variable $category
in APPPATH/Views/admin/articles/form.php on line 84.
 1 APPPATH/Views/admin/articles/form.php(84): CodeIgniter\Debug\Exceptions->errorHandler()
 2 SYSTEMPATH/View/View.php(213): include('APPPATH/Views/admin/articles/form.php')
 3 SYSTEMPATH/View/View.php(216): CodeIgniter\View\View->CodeIgniter\View\{closure}()
 4 SYSTEMPATH/Common.php(1142): CodeIgniter\View\View->render()
 5 APPPATH/Controllers/Articles.php(129): view()
 6 SYSTEMPATH/CodeIgniter.php(902): App\Controllers\Articles->edit()
 7 SYSTEMPATH/CodeIgniter.php(457): CodeIgniter\CodeIgniter->runController()
 8 SYSTEMPATH/CodeIgniter.php(340): CodeIgniter\CodeIgniter->handleRequest()
 9 FCPATH/index.php(67): CodeIgniter\CodeIgniter->run()
10 SYSTEMPATH/Commands/Server/rewrite.php(46): require_once('FCPATH/index.php')
CRITICAL - 2022-11-15 08:49:55 --> Call to a member function isValid() on null
in APPPATH/Controllers/Categories.php on line 99.
 1 SYSTEMPATH/CodeIgniter.php(902): App\Controllers\Categories->update()
 2 SYSTEMPATH/CodeIgniter.php(457): CodeIgniter\CodeIgniter->runController()
 3 SYSTEMPATH/CodeIgniter.php(340): CodeIgniter\CodeIgniter->handleRequest()
 4 FCPATH/index.php(67): CodeIgniter\CodeIgniter->run()
 5 SYSTEMPATH/Commands/Server/rewrite.php(46): require_once('FCPATH/index.php')
CRITICAL - 2022-11-15 09:28:51 --> Undefined variable $files
in APPPATH/Views/admin/categories/form.php on line 85.
 1 APPPATH/Views/admin/categories/form.php(85): CodeIgniter\Debug\Exceptions->errorHandler()
 2 SYSTEMPATH/View/View.php(213): include('APPPATH/Views/admin/categories/form.php')
 3 SYSTEMPATH/View/View.php(216): CodeIgniter\View\View->CodeIgniter\View\{closure}()
 4 SYSTEMPATH/Common.php(1142): CodeIgniter\View\View->render()
 5 APPPATH/Controllers/Categories.php(94): view()
 6 SYSTEMPATH/CodeIgniter.php(902): App\Controllers\Categories->edit()
 7 SYSTEMPATH/CodeIgniter.php(457): CodeIgniter\CodeIgniter->runController()
 8 SYSTEMPATH/CodeIgniter.php(340): CodeIgniter\CodeIgniter->handleRequest()
 9 FCPATH/index.php(67): CodeIgniter\CodeIgniter->run()
10 SYSTEMPATH/Commands/Server/rewrite.php(46): require_once('FCPATH/index.php')
CRITICAL - 2022-11-15 09:29:44 --> Call to undefined function App\Controllers\get_filenames()
in APPPATH/Controllers/Categories.php on line 95.
 1 SYSTEMPATH/CodeIgniter.php(902): App\Controllers\Categories->edit()
 2 SYSTEMPATH/CodeIgniter.php(457): CodeIgniter\CodeIgniter->runController()
 3 SYSTEMPATH/CodeIgniter.php(340): CodeIgniter\CodeIgniter->handleRequest()
 4 FCPATH/index.php(67): CodeIgniter\CodeIgniter->run()
 5 SYSTEMPATH/Commands/Server/rewrite.php(46): require_once('FCPATH/index.php')
CRITICAL - 2022-11-15 10:31:57 --> Undefined variable $category
in APPPATH/Views/admin/articles/form.php on line 84.
 1 APPPATH/Views/admin/articles/form.php(84): CodeIgniter\Debug\Exceptions->errorHandler()
 2 SYSTEMPATH/View/View.php(213): include('APPPATH/Views/admin/articles/form.php')
 3 SYSTEMPATH/View/View.php(216): CodeIgniter\View\View->CodeIgniter\View\{closure}()
 4 SYSTEMPATH/Common.php(1142): CodeIgniter\View\View->render()
 5 APPPATH/Controllers/Articles.php(141): view()
 6 SYSTEMPATH/CodeIgniter.php(902): App\Controllers\Articles->edit()
 7 SYSTEMPATH/CodeIgniter.php(457): CodeIgniter\CodeIgniter->runController()
 8 SYSTEMPATH/CodeIgniter.php(340): CodeIgniter\CodeIgniter->handleRequest()
 9 FCPATH/index.php(67): CodeIgniter\CodeIgniter->run()
10 SYSTEMPATH/Commands/Server/rewrite.php(46): require_once('FCPATH/index.php')
CRITICAL - 2022-11-15 10:33:01 --> Undefined variable $asticle
in APPPATH/Views/admin/articles/form.php on line 86.
 1 APPPATH/Views/admin/articles/form.php(86): CodeIgniter\Debug\Exceptions->errorHandler()
 2 SYSTEMPATH/View/View.php(213): include('APPPATH/Views/admin/articles/form.php')
 3 SYSTEMPATH/View/View.php(216): CodeIgniter\View\View->CodeIgniter\View\{closure}()
 4 SYSTEMPATH/Common.php(1142): CodeIgniter\View\View->render()
 5 APPPATH/Controllers/Articles.php(141): view()
 6 SYSTEMPATH/CodeIgniter.php(902): App\Controllers\Articles->edit()
 7 SYSTEMPATH/CodeIgniter.php(457): CodeIgniter\CodeIgniter->runController()
 8 SYSTEMPATH/CodeIgniter.php(340): CodeIgniter\CodeIgniter->handleRequest()
 9 FCPATH/index.php(67): CodeIgniter\CodeIgniter->run()
10 SYSTEMPATH/Commands/Server/rewrite.php(46): require_once('FCPATH/index.php')
CRITICAL - 2022-11-15 10:33:04 --> Undefined variable $asticle
in APPPATH/Views/admin/articles/form.php on line 86.
 1 APPPATH/Views/admin/articles/form.php(86): CodeIgniter\Debug\Exceptions->errorHandler()
 2 SYSTEMPATH/View/View.php(213): include('APPPATH/Views/admin/articles/form.php')
 3 SYSTEMPATH/View/View.php(216): CodeIgniter\View\View->CodeIgniter\View\{closure}()
 4 SYSTEMPATH/Common.php(1142): CodeIgniter\View\View->render()
 5 APPPATH/Controllers/Articles.php(141): view()
 6 SYSTEMPATH/CodeIgniter.php(902): App\Controllers\Articles->edit()
 7 SYSTEMPATH/CodeIgniter.php(457): CodeIgniter\CodeIgniter->runController()
 8 SYSTEMPATH/CodeIgniter.php(340): CodeIgniter\CodeIgniter->handleRequest()
 9 FCPATH/index.php(67): CodeIgniter\CodeIgniter->run()
10 SYSTEMPATH/Commands/Server/rewrite.php(46): require_once('FCPATH/index.php')
