CRITICAL - 2022-10-21 05:40:49 --> Undefined variable $user
in APPPATH/Views/admin/users/form.php on line 14.
 1 APPPATH/Views/admin/users/form.php(14): CodeIgniter\Debug\Exceptions->errorHandler()
 2 SYSTEMPATH/View/View.php(213): include('APPPATH/Views/admin/users/form.php')
 3 SYSTEMPATH/View/View.php(216): CodeIgniter\View\View->CodeIgniter\View\{closure}()
 4 SYSTEMPATH/Common.php(1142): CodeIgniter\View\View->render()
 5 APPPATH/Controllers/Users.php(78): view()
 6 SYSTEMPATH/CodeIgniter.php(902): App\Controllers\Users->update()
 7 SYSTEMPATH/CodeIgniter.php(457): CodeIgniter\CodeIgniter->runController()
 8 SYSTEMPATH/CodeIgniter.php(340): CodeIgniter\CodeIgniter->handleRequest()
 9 FCPATH/index.php(67): CodeIgniter\CodeIgniter->run()
10 SYSTEMPATH/Commands/Server/rewrite.php(46): require_once('FCPATH/index.php')
CRITICAL - 2022-10-21 05:42:07 --> Attempt to read property "id" on array
in APPPATH/Views/admin/users/form.php on line 14.
 1 APPPATH/Views/admin/users/form.php(14): CodeIgniter\Debug\Exceptions->errorHandler()
 2 SYSTEMPATH/View/View.php(213): include('APPPATH/Views/admin/users/form.php')
 3 SYSTEMPATH/View/View.php(216): CodeIgniter\View\View->CodeIgniter\View\{closure}()
 4 SYSTEMPATH/Common.php(1142): CodeIgniter\View\View->render()
 5 APPPATH/Controllers/Users.php(81): view()
 6 SYSTEMPATH/CodeIgniter.php(902): App\Controllers\Users->update()
 7 SYSTEMPATH/CodeIgniter.php(457): CodeIgniter\CodeIgniter->runController()
 8 SYSTEMPATH/CodeIgniter.php(340): CodeIgniter\CodeIgniter->handleRequest()
 9 FCPATH/index.php(67): CodeIgniter\CodeIgniter->run()
10 SYSTEMPATH/Commands/Server/rewrite.php(46): require_once('FCPATH/index.php')
ERROR - 2022-10-21 07:01:59 --> Error connecting to the database: mysqli_sql_exception: No such file or directory in /home/mhrownaghi/Projects/codeigniter/blog/system/Database/MySQLi/Connection.php:171
Stack trace:
#0 /home/mhrownaghi/Projects/codeigniter/blog/system/Database/MySQLi/Connection.php(171): mysqli->real_connect()
#1 /home/mhrownaghi/Projects/codeigniter/blog/system/Database/BaseConnection.php(382): CodeIgniter\Database\MySQLi\Connection->connect()
#2 /home/mhrownaghi/Projects/codeigniter/blog/system/Database/BaseConnection.php(588): CodeIgniter\Database\BaseConnection->initialize()
#3 /home/mhrownaghi/Projects/codeigniter/blog/system/Database/BaseBuilder.php(1585): CodeIgniter\Database\BaseConnection->query()
#4 /home/mhrownaghi/Projects/codeigniter/blog/system/Validation/Rules.php(142): CodeIgniter\Database\BaseBuilder->get()
#5 /home/mhrownaghi/Projects/codeigniter/blog/system/Validation/Validation.php(315): CodeIgniter\Validation\Rules->is_unique()
#6 /home/mhrownaghi/Projects/codeigniter/blog/system/Validation/Validation.php(175): CodeIgniter\Validation\Validation->processRules()
#7 /home/mhrownaghi/Projects/codeigniter/blog/system/Controller.php(140): CodeIgniter\Validation\Validation->run()
#8 /home/mhrownaghi/Projects/codeigniter/blog/app/Controllers/Users.php(81): CodeIgniter\Controller->validate()
#9 /home/mhrownaghi/Projects/codeigniter/blog/system/CodeIgniter.php(902): App\Controllers\Users->update()
#10 /home/mhrownaghi/Projects/codeigniter/blog/system/CodeIgniter.php(457): CodeIgniter\CodeIgniter->runController()
#11 /home/mhrownaghi/Projects/codeigniter/blog/system/CodeIgniter.php(340): CodeIgniter\CodeIgniter->handleRequest()
#12 /home/mhrownaghi/Projects/codeigniter/blog/public/index.php(67): CodeIgniter\CodeIgniter->run()
#13 /home/mhrownaghi/Projects/codeigniter/blog/system/Commands/Server/rewrite.php(46): require_once('...')
#14 {main}

Next CodeIgniter\Database\Exceptions\DatabaseException: No such file or directory in /home/mhrownaghi/Projects/codeigniter/blog/system/Database/MySQLi/Connection.php:215
Stack trace:
#0 /home/mhrownaghi/Projects/codeigniter/blog/system/Database/BaseConnection.php(382): CodeIgniter\Database\MySQLi\Connection->connect()
#1 /home/mhrownaghi/Projects/codeigniter/blog/system/Database/BaseConnection.php(588): CodeIgniter\Database\BaseConnection->initialize()
#2 /home/mhrownaghi/Projects/codeigniter/blog/system/Database/BaseBuilder.php(1585): CodeIgniter\Database\BaseConnection->query()
#3 /home/mhrownaghi/Projects/codeigniter/blog/system/Validation/Rules.php(142): CodeIgniter\Database\BaseBuilder->get()
#4 /home/mhrownaghi/Projects/codeigniter/blog/system/Validation/Validation.php(315): CodeIgniter\Validation\Rules->is_unique()
#5 /home/mhrownaghi/Projects/codeigniter/blog/system/Validation/Validation.php(175): CodeIgniter\Validation\Validation->processRules()
#6 /home/mhrownaghi/Projects/codeigniter/blog/system/Controller.php(140): CodeIgniter\Validation\Validation->run()
#7 /home/mhrownaghi/Projects/codeigniter/blog/app/Controllers/Users.php(81): CodeIgniter\Controller->validate()
#8 /home/mhrownaghi/Projects/codeigniter/blog/system/CodeIgniter.php(902): App\Controllers\Users->update()
#9 /home/mhrownaghi/Projects/codeigniter/blog/system/CodeIgniter.php(457): CodeIgniter\CodeIgniter->runController()
#10 /home/mhrownaghi/Projects/codeigniter/blog/system/CodeIgniter.php(340): CodeIgniter\CodeIgniter->handleRequest()
#11 /home/mhrownaghi/Projects/codeigniter/blog/public/index.php(67): CodeIgniter\CodeIgniter->run()
#12 /home/mhrownaghi/Projects/codeigniter/blog/system/Commands/Server/rewrite.php(46): require_once('...')
#13 {main}
CRITICAL - 2022-10-21 07:01:59 --> Unable to connect to the database.
Main connection [MySQLi]: No such file or directory
in SYSTEMPATH/Database/BaseConnection.php on line 418.
 1 SYSTEMPATH/Database/BaseConnection.php(588): CodeIgniter\Database\BaseConnection->initialize()
 2 SYSTEMPATH/Database/BaseBuilder.php(1585): CodeIgniter\Database\BaseConnection->query()
 3 SYSTEMPATH/Validation/Rules.php(142): CodeIgniter\Database\BaseBuilder->get()
 4 SYSTEMPATH/Validation/Validation.php(315): CodeIgniter\Validation\Rules->is_unique()
 5 SYSTEMPATH/Validation/Validation.php(175): CodeIgniter\Validation\Validation->processRules()
 6 SYSTEMPATH/Controller.php(140): CodeIgniter\Validation\Validation->run()
 7 APPPATH/Controllers/Users.php(81): CodeIgniter\Controller->validate()
 8 SYSTEMPATH/CodeIgniter.php(902): App\Controllers\Users->update()
 9 SYSTEMPATH/CodeIgniter.php(457): CodeIgniter\CodeIgniter->runController()
10 SYSTEMPATH/CodeIgniter.php(340): CodeIgniter\CodeIgniter->handleRequest()
11 FCPATH/index.php(67): CodeIgniter\CodeIgniter->run()
12 SYSTEMPATH/Commands/Server/rewrite.php(46): require_once('FCPATH/index.php')
ERROR - 2022-10-21 07:03:25 --> Error connecting to the database: mysqli_sql_exception: No such file or directory in /home/mhrownaghi/Projects/codeigniter/blog/system/Database/MySQLi/Connection.php:171
Stack trace:
#0 /home/mhrownaghi/Projects/codeigniter/blog/system/Database/MySQLi/Connection.php(171): mysqli->real_connect()
#1 /home/mhrownaghi/Projects/codeigniter/blog/system/Database/BaseConnection.php(382): CodeIgniter\Database\MySQLi\Connection->connect()
#2 /home/mhrownaghi/Projects/codeigniter/blog/system/Database/BaseConnection.php(588): CodeIgniter\Database\BaseConnection->initialize()
#3 /home/mhrownaghi/Projects/codeigniter/blog/system/Database/BaseBuilder.php(1669): CodeIgniter\Database\BaseConnection->query()
#4 /home/mhrownaghi/Projects/codeigniter/blog/system/Model.php(551): CodeIgniter\Database\BaseBuilder->countAllResults()
#5 /home/mhrownaghi/Projects/codeigniter/blog/system/BaseModel.php(1105): CodeIgniter\Model->countAllResults()
#6 /home/mhrownaghi/Projects/codeigniter/blog/app/Controllers/Users.php(19): CodeIgniter\BaseModel->paginate()
#7 /home/mhrownaghi/Projects/codeigniter/blog/system/CodeIgniter.php(902): App\Controllers\Users->index()
#8 /home/mhrownaghi/Projects/codeigniter/blog/system/CodeIgniter.php(457): CodeIgniter\CodeIgniter->runController()
#9 /home/mhrownaghi/Projects/codeigniter/blog/system/CodeIgniter.php(340): CodeIgniter\CodeIgniter->handleRequest()
#10 /home/mhrownaghi/Projects/codeigniter/blog/public/index.php(67): CodeIgniter\CodeIgniter->run()
#11 /home/mhrownaghi/Projects/codeigniter/blog/system/Commands/Server/rewrite.php(46): require_once('...')
#12 {main}

Next CodeIgniter\Database\Exceptions\DatabaseException: No such file or directory in /home/mhrownaghi/Projects/codeigniter/blog/system/Database/MySQLi/Connection.php:215
Stack trace:
#0 /home/mhrownaghi/Projects/codeigniter/blog/system/Database/BaseConnection.php(382): CodeIgniter\Database\MySQLi\Connection->connect()
#1 /home/mhrownaghi/Projects/codeigniter/blog/system/Database/BaseConnection.php(588): CodeIgniter\Database\BaseConnection->initialize()
#2 /home/mhrownaghi/Projects/codeigniter/blog/system/Database/BaseBuilder.php(1669): CodeIgniter\Database\BaseConnection->query()
#3 /home/mhrownaghi/Projects/codeigniter/blog/system/Model.php(551): CodeIgniter\Database\BaseBuilder->countAllResults()
#4 /home/mhrownaghi/Projects/codeigniter/blog/system/BaseModel.php(1105): CodeIgniter\Model->countAllResults()
#5 /home/mhrownaghi/Projects/codeigniter/blog/app/Controllers/Users.php(19): CodeIgniter\BaseModel->paginate()
#6 /home/mhrownaghi/Projects/codeigniter/blog/system/CodeIgniter.php(902): App\Controllers\Users->index()
#7 /home/mhrownaghi/Projects/codeigniter/blog/system/CodeIgniter.php(457): CodeIgniter\CodeIgniter->runController()
#8 /home/mhrownaghi/Projects/codeigniter/blog/system/CodeIgniter.php(340): CodeIgniter\CodeIgniter->handleRequest()
#9 /home/mhrownaghi/Projects/codeigniter/blog/public/index.php(67): CodeIgniter\CodeIgniter->run()
#10 /home/mhrownaghi/Projects/codeigniter/blog/system/Commands/Server/rewrite.php(46): require_once('...')
#11 {main}
CRITICAL - 2022-10-21 07:03:25 --> Unable to connect to the database.
Main connection [MySQLi]: No such file or directory
in SYSTEMPATH/Database/BaseConnection.php on line 418.
 1 SYSTEMPATH/Database/BaseConnection.php(588): CodeIgniter\Database\BaseConnection->initialize()
 2 SYSTEMPATH/Database/BaseBuilder.php(1669): CodeIgniter\Database\BaseConnection->query()
 3 SYSTEMPATH/Model.php(551): CodeIgniter\Database\BaseBuilder->countAllResults()
 4 SYSTEMPATH/BaseModel.php(1105): CodeIgniter\Model->countAllResults()
 5 APPPATH/Controllers/Users.php(19): CodeIgniter\BaseModel->paginate()
 6 SYSTEMPATH/CodeIgniter.php(902): App\Controllers\Users->index()
 7 SYSTEMPATH/CodeIgniter.php(457): CodeIgniter\CodeIgniter->runController()
 8 SYSTEMPATH/CodeIgniter.php(340): CodeIgniter\CodeIgniter->handleRequest()
 9 FCPATH/index.php(67): CodeIgniter\CodeIgniter->run()
10 SYSTEMPATH/Commands/Server/rewrite.php(46): require_once('FCPATH/index.php')
ERROR - 2022-10-21 07:04:17 --> Error connecting to the database: mysqli_sql_exception: No such file or directory in /home/mhrownaghi/Projects/codeigniter/blog/system/Database/MySQLi/Connection.php:171
Stack trace:
#0 /home/mhrownaghi/Projects/codeigniter/blog/system/Database/MySQLi/Connection.php(171): mysqli->real_connect()
#1 /home/mhrownaghi/Projects/codeigniter/blog/system/Database/BaseConnection.php(382): CodeIgniter\Database\MySQLi\Connection->connect()
#2 /home/mhrownaghi/Projects/codeigniter/blog/system/Database/BaseConnection.php(588): CodeIgniter\Database\BaseConnection->initialize()
#3 /home/mhrownaghi/Projects/codeigniter/blog/system/Database/BaseBuilder.php(1585): CodeIgniter\Database\BaseConnection->query()
#4 /home/mhrownaghi/Projects/codeigniter/blog/system/Validation/Rules.php(142): CodeIgniter\Database\BaseBuilder->get()
#5 /home/mhrownaghi/Projects/codeigniter/blog/system/Validation/Validation.php(315): CodeIgniter\Validation\Rules->is_unique()
#6 /home/mhrownaghi/Projects/codeigniter/blog/system/Validation/Validation.php(175): CodeIgniter\Validation\Validation->processRules()
#7 /home/mhrownaghi/Projects/codeigniter/blog/system/Controller.php(140): CodeIgniter\Validation\Validation->run()
#8 /home/mhrownaghi/Projects/codeigniter/blog/app/Controllers/Users.php(82): CodeIgniter\Controller->validate()
#9 /home/mhrownaghi/Projects/codeigniter/blog/system/CodeIgniter.php(902): App\Controllers\Users->update()
#10 /home/mhrownaghi/Projects/codeigniter/blog/system/CodeIgniter.php(457): CodeIgniter\CodeIgniter->runController()
#11 /home/mhrownaghi/Projects/codeigniter/blog/system/CodeIgniter.php(340): CodeIgniter\CodeIgniter->handleRequest()
#12 /home/mhrownaghi/Projects/codeigniter/blog/public/index.php(67): CodeIgniter\CodeIgniter->run()
#13 /home/mhrownaghi/Projects/codeigniter/blog/system/Commands/Server/rewrite.php(46): require_once('...')
#14 {main}

Next CodeIgniter\Database\Exceptions\DatabaseException: No such file or directory in /home/mhrownaghi/Projects/codeigniter/blog/system/Database/MySQLi/Connection.php:215
Stack trace:
#0 /home/mhrownaghi/Projects/codeigniter/blog/system/Database/BaseConnection.php(382): CodeIgniter\Database\MySQLi\Connection->connect()
#1 /home/mhrownaghi/Projects/codeigniter/blog/system/Database/BaseConnection.php(588): CodeIgniter\Database\BaseConnection->initialize()
#2 /home/mhrownaghi/Projects/codeigniter/blog/system/Database/BaseBuilder.php(1585): CodeIgniter\Database\BaseConnection->query()
#3 /home/mhrownaghi/Projects/codeigniter/blog/system/Validation/Rules.php(142): CodeIgniter\Database\BaseBuilder->get()
#4 /home/mhrownaghi/Projects/codeigniter/blog/system/Validation/Validation.php(315): CodeIgniter\Validation\Rules->is_unique()
#5 /home/mhrownaghi/Projects/codeigniter/blog/system/Validation/Validation.php(175): CodeIgniter\Validation\Validation->processRules()
#6 /home/mhrownaghi/Projects/codeigniter/blog/system/Controller.php(140): CodeIgniter\Validation\Validation->run()
#7 /home/mhrownaghi/Projects/codeigniter/blog/app/Controllers/Users.php(82): CodeIgniter\Controller->validate()
#8 /home/mhrownaghi/Projects/codeigniter/blog/system/CodeIgniter.php(902): App\Controllers\Users->update()
#9 /home/mhrownaghi/Projects/codeigniter/blog/system/CodeIgniter.php(457): CodeIgniter\CodeIgniter->runController()
#10 /home/mhrownaghi/Projects/codeigniter/blog/system/CodeIgniter.php(340): CodeIgniter\CodeIgniter->handleRequest()
#11 /home/mhrownaghi/Projects/codeigniter/blog/public/index.php(67): CodeIgniter\CodeIgniter->run()
#12 /home/mhrownaghi/Projects/codeigniter/blog/system/Commands/Server/rewrite.php(46): require_once('...')
#13 {main}
CRITICAL - 2022-10-21 07:04:17 --> Unable to connect to the database.
Main connection [MySQLi]: No such file or directory
in SYSTEMPATH/Database/BaseConnection.php on line 418.
 1 SYSTEMPATH/Database/BaseConnection.php(588): CodeIgniter\Database\BaseConnection->initialize()
 2 SYSTEMPATH/Database/BaseBuilder.php(1585): CodeIgniter\Database\BaseConnection->query()
 3 SYSTEMPATH/Validation/Rules.php(142): CodeIgniter\Database\BaseBuilder->get()
 4 SYSTEMPATH/Validation/Validation.php(315): CodeIgniter\Validation\Rules->is_unique()
 5 SYSTEMPATH/Validation/Validation.php(175): CodeIgniter\Validation\Validation->processRules()
 6 SYSTEMPATH/Controller.php(140): CodeIgniter\Validation\Validation->run()
 7 APPPATH/Controllers/Users.php(82): CodeIgniter\Controller->validate()
 8 SYSTEMPATH/CodeIgniter.php(902): App\Controllers\Users->update()
 9 SYSTEMPATH/CodeIgniter.php(457): CodeIgniter\CodeIgniter->runController()
10 SYSTEMPATH/CodeIgniter.php(340): CodeIgniter\CodeIgniter->handleRequest()
11 FCPATH/index.php(67): CodeIgniter\CodeIgniter->run()
12 SYSTEMPATH/Commands/Server/rewrite.php(46): require_once('FCPATH/index.php')
ERROR - 2022-10-21 07:06:44 --> Error connecting to the database: mysqli_sql_exception: No such file or directory in /home/mhrownaghi/Projects/codeigniter/blog/system/Database/MySQLi/Connection.php:171
Stack trace:
#0 /home/mhrownaghi/Projects/codeigniter/blog/system/Database/MySQLi/Connection.php(171): mysqli->real_connect()
#1 /home/mhrownaghi/Projects/codeigniter/blog/system/Database/BaseConnection.php(382): CodeIgniter\Database\MySQLi\Connection->connect()
#2 /home/mhrownaghi/Projects/codeigniter/blog/system/Database/BaseConnection.php(588): CodeIgniter\Database\BaseConnection->initialize()
#3 /home/mhrownaghi/Projects/codeigniter/blog/system/Database/BaseBuilder.php(1585): CodeIgniter\Database\BaseConnection->query()
#4 /home/mhrownaghi/Projects/codeigniter/blog/system/Validation/Rules.php(142): CodeIgniter\Database\BaseBuilder->get()
#5 /home/mhrownaghi/Projects/codeigniter/blog/system/Validation/Validation.php(315): CodeIgniter\Validation\Rules->is_unique()
#6 /home/mhrownaghi/Projects/codeigniter/blog/system/Validation/Validation.php(175): CodeIgniter\Validation\Validation->processRules()
#7 /home/mhrownaghi/Projects/codeigniter/blog/system/Controller.php(140): CodeIgniter\Validation\Validation->run()
#8 /home/mhrownaghi/Projects/codeigniter/blog/app/Controllers/Users.php(84): CodeIgniter\Controller->validate()
#9 /home/mhrownaghi/Projects/codeigniter/blog/system/CodeIgniter.php(902): App\Controllers\Users->update()
#10 /home/mhrownaghi/Projects/codeigniter/blog/system/CodeIgniter.php(457): CodeIgniter\CodeIgniter->runController()
#11 /home/mhrownaghi/Projects/codeigniter/blog/system/CodeIgniter.php(340): CodeIgniter\CodeIgniter->handleRequest()
#12 /home/mhrownaghi/Projects/codeigniter/blog/public/index.php(67): CodeIgniter\CodeIgniter->run()
#13 /home/mhrownaghi/Projects/codeigniter/blog/system/Commands/Server/rewrite.php(46): require_once('...')
#14 {main}

Next CodeIgniter\Database\Exceptions\DatabaseException: No such file or directory in /home/mhrownaghi/Projects/codeigniter/blog/system/Database/MySQLi/Connection.php:215
Stack trace:
#0 /home/mhrownaghi/Projects/codeigniter/blog/system/Database/BaseConnection.php(382): CodeIgniter\Database\MySQLi\Connection->connect()
#1 /home/mhrownaghi/Projects/codeigniter/blog/system/Database/BaseConnection.php(588): CodeIgniter\Database\BaseConnection->initialize()
#2 /home/mhrownaghi/Projects/codeigniter/blog/system/Database/BaseBuilder.php(1585): CodeIgniter\Database\BaseConnection->query()
#3 /home/mhrownaghi/Projects/codeigniter/blog/system/Validation/Rules.php(142): CodeIgniter\Database\BaseBuilder->get()
#4 /home/mhrownaghi/Projects/codeigniter/blog/system/Validation/Validation.php(315): CodeIgniter\Validation\Rules->is_unique()
#5 /home/mhrownaghi/Projects/codeigniter/blog/system/Validation/Validation.php(175): CodeIgniter\Validation\Validation->processRules()
#6 /home/mhrownaghi/Projects/codeigniter/blog/system/Controller.php(140): CodeIgniter\Validation\Validation->run()
#7 /home/mhrownaghi/Projects/codeigniter/blog/app/Controllers/Users.php(84): CodeIgniter\Controller->validate()
#8 /home/mhrownaghi/Projects/codeigniter/blog/system/CodeIgniter.php(902): App\Controllers\Users->update()
#9 /home/mhrownaghi/Projects/codeigniter/blog/system/CodeIgniter.php(457): CodeIgniter\CodeIgniter->runController()
#10 /home/mhrownaghi/Projects/codeigniter/blog/system/CodeIgniter.php(340): CodeIgniter\CodeIgniter->handleRequest()
#11 /home/mhrownaghi/Projects/codeigniter/blog/public/index.php(67): CodeIgniter\CodeIgniter->run()
#12 /home/mhrownaghi/Projects/codeigniter/blog/system/Commands/Server/rewrite.php(46): require_once('...')
#13 {main}
CRITICAL - 2022-10-21 07:06:44 --> Unable to connect to the database.
Main connection [MySQLi]: No such file or directory
in SYSTEMPATH/Database/BaseConnection.php on line 418.
 1 SYSTEMPATH/Database/BaseConnection.php(588): CodeIgniter\Database\BaseConnection->initialize()
 2 SYSTEMPATH/Database/BaseBuilder.php(1585): CodeIgniter\Database\BaseConnection->query()
 3 SYSTEMPATH/Validation/Rules.php(142): CodeIgniter\Database\BaseBuilder->get()
 4 SYSTEMPATH/Validation/Validation.php(315): CodeIgniter\Validation\Rules->is_unique()
 5 SYSTEMPATH/Validation/Validation.php(175): CodeIgniter\Validation\Validation->processRules()
 6 SYSTEMPATH/Controller.php(140): CodeIgniter\Validation\Validation->run()
 7 APPPATH/Controllers/Users.php(84): CodeIgniter\Controller->validate()
 8 SYSTEMPATH/CodeIgniter.php(902): App\Controllers\Users->update()
 9 SYSTEMPATH/CodeIgniter.php(457): CodeIgniter\CodeIgniter->runController()
10 SYSTEMPATH/CodeIgniter.php(340): CodeIgniter\CodeIgniter->handleRequest()
11 FCPATH/index.php(67): CodeIgniter\CodeIgniter->run()
12 SYSTEMPATH/Commands/Server/rewrite.php(46): require_once('FCPATH/index.php')
CRITICAL - 2022-10-21 08:07:22 --> Undefined variable $user
in APPPATH/Views/admin/users/form.php on line 44.
 1 APPPATH/Views/admin/users/form.php(44): CodeIgniter\Debug\Exceptions->errorHandler()
 2 SYSTEMPATH/View/View.php(213): include('APPPATH/Views/admin/users/form.php')
 3 SYSTEMPATH/View/View.php(216): CodeIgniter\View\View->CodeIgniter\View\{closure}()
 4 SYSTEMPATH/Common.php(1142): CodeIgniter\View\View->render()
 5 APPPATH/Controllers/Users.php(67): view()
 6 SYSTEMPATH/CodeIgniter.php(902): App\Controllers\Users->update()
 7 SYSTEMPATH/CodeIgniter.php(457): CodeIgniter\CodeIgniter->runController()
 8 SYSTEMPATH/CodeIgniter.php(340): CodeIgniter\CodeIgniter->handleRequest()
 9 FCPATH/index.php(67): CodeIgniter\CodeIgniter->run()
10 SYSTEMPATH/Commands/Server/rewrite.php(46): require_once('FCPATH/index.php')
