CRITICAL - 2022-11-13 08:57:16 --> Call to undefined function quotes_to_entities()
in APPPATH/Views/admin/categories/form.php on line 117.
 1 SYSTEMPATH/View/View.php(213): include()
 2 SYSTEMPATH/View/View.php(216): CodeIgniter\View\View->CodeIgniter\View\{closure}()
 3 SYSTEMPATH/Common.php(1142): CodeIgniter\View\View->render()
 4 APPPATH/Controllers/Categories.php(47): view()
 5 SYSTEMPATH/CodeIgniter.php(902): App\Controllers\Categories->new()
 6 SYSTEMPATH/CodeIgniter.php(457): CodeIgniter\CodeIgniter->runController()
 7 SYSTEMPATH/CodeIgniter.php(340): CodeIgniter\CodeIgniter->handleRequest()
 8 FCPATH/index.php(67): CodeIgniter\CodeIgniter->run()
 9 SYSTEMPATH/Commands/Server/rewrite.php(46): require_once('FCPATH/index.php')
CRITICAL - 2022-11-13 11:16:42 --> CodeIgniter\BaseModel::transformDataToArray(): Return value must be of type array, string returned
in SYSTEMPATH/BaseModel.php on line 1623.
 1 SYSTEMPATH/BaseModel.php(852): CodeIgniter\BaseModel->transformDataToArray()
 2 SYSTEMPATH/Model.php(693): CodeIgniter\BaseModel->update()
 3 APPPATH/Controllers/Categories.php(112): CodeIgniter\Model->update()
 4 SYSTEMPATH/CodeIgniter.php(902): App\Controllers\Categories->update()
 5 SYSTEMPATH/CodeIgniter.php(457): CodeIgniter\CodeIgniter->runController()
 6 SYSTEMPATH/CodeIgniter.php(340): CodeIgniter\CodeIgniter->handleRequest()
 7 FCPATH/index.php(67): CodeIgniter\CodeIgniter->run()
 8 SYSTEMPATH/Commands/Server/rewrite.php(46): require_once('FCPATH/index.php')
CRITICAL - 2022-11-13 11:19:43 --> CodeIgniter\BaseModel::transformDataToArray(): Return value must be of type array, string returned
in SYSTEMPATH/BaseModel.php on line 1623.
 1 SYSTEMPATH/BaseModel.php(852): CodeIgniter\BaseModel->transformDataToArray()
 2 SYSTEMPATH/Model.php(693): CodeIgniter\BaseModel->update()
 3 APPPATH/Controllers/Categories.php(112): CodeIgniter\Model->update()
 4 SYSTEMPATH/CodeIgniter.php(902): App\Controllers\Categories->update()
 5 SYSTEMPATH/CodeIgniter.php(457): CodeIgniter\CodeIgniter->runController()
 6 SYSTEMPATH/CodeIgniter.php(340): CodeIgniter\CodeIgniter->handleRequest()
 7 FCPATH/index.php(67): CodeIgniter\CodeIgniter->run()
 8 SYSTEMPATH/Commands/Server/rewrite.php(46): require_once('FCPATH/index.php')
