CRITICAL - 2022-11-14 04:11:14 --> Call to undefined method App\Models\CategoryModel::session
in SYSTEMPATH/Model.php on line 774.
 1 APPPATH/Controllers/Categories.php(115): CodeIgniter\Model->__call()
 2 SYSTEMPATH/CodeIgniter.php(902): App\Controllers\Categories->update()
 3 SYSTEMPATH/CodeIgniter.php(457): CodeIgniter\CodeIgniter->runController()
 4 SYSTEMPATH/CodeIgniter.php(340): CodeIgniter\CodeIgniter->handleRequest()
 5 FCPATH/index.php(67): CodeIgniter\CodeIgniter->run()
 6 SYSTEMPATH/Commands/Server/rewrite.php(46): require_once('FCPATH/index.php')
ERROR - 2022-11-14 06:48:51 --> mysqli_sql_exception: Unknown column 'username' in 'order clause' in /home/mhrownaghi/Projects/codeigniter/blog/system/Database/MySQLi/Connection.php:292
Stack trace:
#0 /home/mhrownaghi/Projects/codeigniter/blog/system/Database/MySQLi/Connection.php(292): mysqli->query()
#1 /home/mhrownaghi/Projects/codeigniter/blog/system/Database/BaseConnection.php(693): CodeIgniter\Database\MySQLi\Connection->execute()
#2 /home/mhrownaghi/Projects/codeigniter/blog/system/Database/BaseConnection.php(620): CodeIgniter\Database\BaseConnection->simpleQuery()
#3 /home/mhrownaghi/Projects/codeigniter/blog/system/Database/BaseBuilder.php(1585): CodeIgniter\Database\BaseConnection->query()
#4 /home/mhrownaghi/Projects/codeigniter/blog/system/Model.php(223): CodeIgniter\Database\BaseBuilder->get()
#5 /home/mhrownaghi/Projects/codeigniter/blog/system/BaseModel.php(584): CodeIgniter\Model->doFindAll()
#6 /home/mhrownaghi/Projects/codeigniter/blog/system/BaseModel.php(1109): CodeIgniter\BaseModel->findAll()
#7 /home/mhrownaghi/Projects/codeigniter/blog/app/Controllers/Categories.php(33): CodeIgniter\BaseModel->paginate()
#8 /home/mhrownaghi/Projects/codeigniter/blog/system/CodeIgniter.php(902): App\Controllers\Categories->index()
#9 /home/mhrownaghi/Projects/codeigniter/blog/system/CodeIgniter.php(457): CodeIgniter\CodeIgniter->runController()
#10 /home/mhrownaghi/Projects/codeigniter/blog/system/CodeIgniter.php(340): CodeIgniter\CodeIgniter->handleRequest()
#11 /home/mhrownaghi/Projects/codeigniter/blog/public/index.php(67): CodeIgniter\CodeIgniter->run()
#12 /home/mhrownaghi/Projects/codeigniter/blog/system/Commands/Server/rewrite.php(46): require_once('...')
#13 {main}
CRITICAL - 2022-11-14 06:48:51 --> Unknown column 'username' in 'order clause'
in SYSTEMPATH/Database/MySQLi/Connection.php on line 292.
 1 SYSTEMPATH/Database/MySQLi/Connection.php(292): mysqli->query()
 2 SYSTEMPATH/Database/BaseConnection.php(693): CodeIgniter\Database\MySQLi\Connection->execute()
 3 SYSTEMPATH/Database/BaseConnection.php(620): CodeIgniter\Database\BaseConnection->simpleQuery()
 4 SYSTEMPATH/Database/BaseBuilder.php(1585): CodeIgniter\Database\BaseConnection->query()
 5 SYSTEMPATH/Model.php(223): CodeIgniter\Database\BaseBuilder->get()
 6 SYSTEMPATH/BaseModel.php(584): CodeIgniter\Model->doFindAll()
 7 SYSTEMPATH/BaseModel.php(1109): CodeIgniter\BaseModel->findAll()
 8 APPPATH/Controllers/Categories.php(33): CodeIgniter\BaseModel->paginate()
 9 SYSTEMPATH/CodeIgniter.php(902): App\Controllers\Categories->index()
10 SYSTEMPATH/CodeIgniter.php(457): CodeIgniter\CodeIgniter->runController()
11 SYSTEMPATH/CodeIgniter.php(340): CodeIgniter\CodeIgniter->handleRequest()
12 FCPATH/index.php(67): CodeIgniter\CodeIgniter->run()
13 SYSTEMPATH/Commands/Server/rewrite.php(46): require_once('FCPATH/index.php')
ERROR - 2022-11-14 10:05:05 --> mysqli_sql_exception: Unknown column 'category.id' in 'on clause' in /home/mhrownaghi/Projects/codeigniter/blog/system/Database/MySQLi/Connection.php:292
Stack trace:
#0 /home/mhrownaghi/Projects/codeigniter/blog/system/Database/MySQLi/Connection.php(292): mysqli->query()
#1 /home/mhrownaghi/Projects/codeigniter/blog/system/Database/BaseConnection.php(693): CodeIgniter\Database\MySQLi\Connection->execute()
#2 /home/mhrownaghi/Projects/codeigniter/blog/system/Database/BaseConnection.php(620): CodeIgniter\Database\BaseConnection->simpleQuery()
#3 /home/mhrownaghi/Projects/codeigniter/blog/system/Database/BaseBuilder.php(1669): CodeIgniter\Database\BaseConnection->query()
#4 /home/mhrownaghi/Projects/codeigniter/blog/system/Model.php(551): CodeIgniter\Database\BaseBuilder->countAllResults()
#5 /home/mhrownaghi/Projects/codeigniter/blog/system/BaseModel.php(1105): CodeIgniter\Model->countAllResults()
#6 /home/mhrownaghi/Projects/codeigniter/blog/app/Controllers/Articles.php(32): CodeIgniter\BaseModel->paginate()
#7 /home/mhrownaghi/Projects/codeigniter/blog/system/CodeIgniter.php(902): App\Controllers\Articles->index()
#8 /home/mhrownaghi/Projects/codeigniter/blog/system/CodeIgniter.php(457): CodeIgniter\CodeIgniter->runController()
#9 /home/mhrownaghi/Projects/codeigniter/blog/system/CodeIgniter.php(340): CodeIgniter\CodeIgniter->handleRequest()
#10 /home/mhrownaghi/Projects/codeigniter/blog/public/index.php(67): CodeIgniter\CodeIgniter->run()
#11 /home/mhrownaghi/Projects/codeigniter/blog/system/Commands/Server/rewrite.php(46): require_once('...')
#12 {main}
CRITICAL - 2022-11-14 10:05:05 --> Unknown column 'category.id' in 'on clause'
in SYSTEMPATH/Database/MySQLi/Connection.php on line 292.
 1 SYSTEMPATH/Database/MySQLi/Connection.php(292): mysqli->query()
 2 SYSTEMPATH/Database/BaseConnection.php(693): CodeIgniter\Database\MySQLi\Connection->execute()
 3 SYSTEMPATH/Database/BaseConnection.php(620): CodeIgniter\Database\BaseConnection->simpleQuery()
 4 SYSTEMPATH/Database/BaseBuilder.php(1669): CodeIgniter\Database\BaseConnection->query()
 5 SYSTEMPATH/Model.php(551): CodeIgniter\Database\BaseBuilder->countAllResults()
 6 SYSTEMPATH/BaseModel.php(1105): CodeIgniter\Model->countAllResults()
 7 APPPATH/Controllers/Articles.php(32): CodeIgniter\BaseModel->paginate()
 8 SYSTEMPATH/CodeIgniter.php(902): App\Controllers\Articles->index()
 9 SYSTEMPATH/CodeIgniter.php(457): CodeIgniter\CodeIgniter->runController()
10 SYSTEMPATH/CodeIgniter.php(340): CodeIgniter\CodeIgniter->handleRequest()
11 FCPATH/index.php(67): CodeIgniter\CodeIgniter->run()
12 SYSTEMPATH/Commands/Server/rewrite.php(46): require_once('FCPATH/index.php')
ERROR - 2022-11-14 10:07:12 --> mysqli_sql_exception: Unknown column 'category.id' in 'on clause' in /home/mhrownaghi/Projects/codeigniter/blog/system/Database/MySQLi/Connection.php:292
Stack trace:
#0 /home/mhrownaghi/Projects/codeigniter/blog/system/Database/MySQLi/Connection.php(292): mysqli->query()
#1 /home/mhrownaghi/Projects/codeigniter/blog/system/Database/BaseConnection.php(693): CodeIgniter\Database\MySQLi\Connection->execute()
#2 /home/mhrownaghi/Projects/codeigniter/blog/system/Database/BaseConnection.php(620): CodeIgniter\Database\BaseConnection->simpleQuery()
#3 /home/mhrownaghi/Projects/codeigniter/blog/system/Database/BaseBuilder.php(1669): CodeIgniter\Database\BaseConnection->query()
#4 /home/mhrownaghi/Projects/codeigniter/blog/system/Model.php(551): CodeIgniter\Database\BaseBuilder->countAllResults()
#5 /home/mhrownaghi/Projects/codeigniter/blog/system/BaseModel.php(1105): CodeIgniter\Model->countAllResults()
#6 /home/mhrownaghi/Projects/codeigniter/blog/app/Controllers/Articles.php(33): CodeIgniter\BaseModel->paginate()
#7 /home/mhrownaghi/Projects/codeigniter/blog/system/CodeIgniter.php(902): App\Controllers\Articles->index()
#8 /home/mhrownaghi/Projects/codeigniter/blog/system/CodeIgniter.php(457): CodeIgniter\CodeIgniter->runController()
#9 /home/mhrownaghi/Projects/codeigniter/blog/system/CodeIgniter.php(340): CodeIgniter\CodeIgniter->handleRequest()
#10 /home/mhrownaghi/Projects/codeigniter/blog/public/index.php(67): CodeIgniter\CodeIgniter->run()
#11 /home/mhrownaghi/Projects/codeigniter/blog/system/Commands/Server/rewrite.php(46): require_once('...')
#12 {main}
CRITICAL - 2022-11-14 10:07:12 --> Unknown column 'category.id' in 'on clause'
in SYSTEMPATH/Database/MySQLi/Connection.php on line 292.
 1 SYSTEMPATH/Database/MySQLi/Connection.php(292): mysqli->query()
 2 SYSTEMPATH/Database/BaseConnection.php(693): CodeIgniter\Database\MySQLi\Connection->execute()
 3 SYSTEMPATH/Database/BaseConnection.php(620): CodeIgniter\Database\BaseConnection->simpleQuery()
 4 SYSTEMPATH/Database/BaseBuilder.php(1669): CodeIgniter\Database\BaseConnection->query()
 5 SYSTEMPATH/Model.php(551): CodeIgniter\Database\BaseBuilder->countAllResults()
 6 SYSTEMPATH/BaseModel.php(1105): CodeIgniter\Model->countAllResults()
 7 APPPATH/Controllers/Articles.php(33): CodeIgniter\BaseModel->paginate()
 8 SYSTEMPATH/CodeIgniter.php(902): App\Controllers\Articles->index()
 9 SYSTEMPATH/CodeIgniter.php(457): CodeIgniter\CodeIgniter->runController()
10 SYSTEMPATH/CodeIgniter.php(340): CodeIgniter\CodeIgniter->handleRequest()
11 FCPATH/index.php(67): CodeIgniter\CodeIgniter->run()
12 SYSTEMPATH/Commands/Server/rewrite.php(46): require_once('FCPATH/index.php')
