ERROR - 2022-10-16 06:42:05 --> Error connecting to the database: mysqli_sql_exception: No such file or directory in /home/mhrownaghi/Projects/codeigniter/blog/system/Database/MySQLi/Connection.php:171
Stack trace:
#0 /home/mhrownaghi/Projects/codeigniter/blog/system/Database/MySQLi/Connection.php(171): mysqli->real_connect()
#1 /home/mhrownaghi/Projects/codeigniter/blog/system/Database/BaseConnection.php(382): CodeIgniter\Database\MySQLi\Connection->connect()
#2 /home/mhrownaghi/Projects/codeigniter/blog/system/Database/BaseConnection.php(588): CodeIgniter\Database\BaseConnection->initialize()
#3 /home/mhrownaghi/Projects/codeigniter/blog/system/Database/BaseBuilder.php(1585): CodeIgniter\Database\BaseConnection->query()
#4 /home/mhrownaghi/Projects/codeigniter/blog/system/Model.php(250): CodeIgniter\Database\BaseBuilder->get()
#5 /home/mhrownaghi/Projects/codeigniter/blog/system/BaseModel.php(622): CodeIgniter\Model->doFirst()
#6 /home/mhrownaghi/Projects/codeigniter/blog/app/Controllers/Login.php(23): CodeIgniter\BaseModel->first()
#7 /home/mhrownaghi/Projects/codeigniter/blog/system/CodeIgniter.php(902): App\Controllers\Login->index()
#8 /home/mhrownaghi/Projects/codeigniter/blog/system/CodeIgniter.php(457): CodeIgniter\CodeIgniter->runController()
#9 /home/mhrownaghi/Projects/codeigniter/blog/system/CodeIgniter.php(340): CodeIgniter\CodeIgniter->handleRequest()
#10 /home/mhrownaghi/Projects/codeigniter/blog/public/index.php(67): CodeIgniter\CodeIgniter->run()
#11 /home/mhrownaghi/Projects/codeigniter/blog/system/Commands/Server/rewrite.php(46): require_once('...')
#12 {main}

Next CodeIgniter\Database\Exceptions\DatabaseException: No such file or directory in /home/mhrownaghi/Projects/codeigniter/blog/system/Database/MySQLi/Connection.php:215
Stack trace:
#0 /home/mhrownaghi/Projects/codeigniter/blog/system/Database/BaseConnection.php(382): CodeIgniter\Database\MySQLi\Connection->connect()
#1 /home/mhrownaghi/Projects/codeigniter/blog/system/Database/BaseConnection.php(588): CodeIgniter\Database\BaseConnection->initialize()
#2 /home/mhrownaghi/Projects/codeigniter/blog/system/Database/BaseBuilder.php(1585): CodeIgniter\Database\BaseConnection->query()
#3 /home/mhrownaghi/Projects/codeigniter/blog/system/Model.php(250): CodeIgniter\Database\BaseBuilder->get()
#4 /home/mhrownaghi/Projects/codeigniter/blog/system/BaseModel.php(622): CodeIgniter\Model->doFirst()
#5 /home/mhrownaghi/Projects/codeigniter/blog/app/Controllers/Login.php(23): CodeIgniter\BaseModel->first()
#6 /home/mhrownaghi/Projects/codeigniter/blog/system/CodeIgniter.php(902): App\Controllers\Login->index()
#7 /home/mhrownaghi/Projects/codeigniter/blog/system/CodeIgniter.php(457): CodeIgniter\CodeIgniter->runController()
#8 /home/mhrownaghi/Projects/codeigniter/blog/system/CodeIgniter.php(340): CodeIgniter\CodeIgniter->handleRequest()
#9 /home/mhrownaghi/Projects/codeigniter/blog/public/index.php(67): CodeIgniter\CodeIgniter->run()
#10 /home/mhrownaghi/Projects/codeigniter/blog/system/Commands/Server/rewrite.php(46): require_once('...')
#11 {main}
CRITICAL - 2022-10-16 06:42:05 --> Unable to connect to the database.
Main connection [MySQLi]: No such file or directory
in SYSTEMPATH/Database/BaseConnection.php on line 418.
 1 SYSTEMPATH/Database/BaseConnection.php(588): CodeIgniter\Database\BaseConnection->initialize()
 2 SYSTEMPATH/Database/BaseBuilder.php(1585): CodeIgniter\Database\BaseConnection->query()
 3 SYSTEMPATH/Model.php(250): CodeIgniter\Database\BaseBuilder->get()
 4 SYSTEMPATH/BaseModel.php(622): CodeIgniter\Model->doFirst()
 5 APPPATH/Controllers/Login.php(23): CodeIgniter\BaseModel->first()
 6 SYSTEMPATH/CodeIgniter.php(902): App\Controllers\Login->index()
 7 SYSTEMPATH/CodeIgniter.php(457): CodeIgniter\CodeIgniter->runController()
 8 SYSTEMPATH/CodeIgniter.php(340): CodeIgniter\CodeIgniter->handleRequest()
 9 FCPATH/index.php(67): CodeIgniter\CodeIgniter->run()
10 SYSTEMPATH/Commands/Server/rewrite.php(46): require_once('FCPATH/index.php')
CRITICAL - 2022-10-16 07:27:27 --> mysqli_result::fetch_object(): Argument #1 ($class) must be a valid class name, APP\Entities\User given
in SYSTEMPATH/Database/MySQLi/Result.php on line 148.
 1 SYSTEMPATH/Database/MySQLi/Result.php(148): mysqli_result->fetch_object()
 2 SYSTEMPATH/Database/BaseResult.php(149): CodeIgniter\Database\MySQLi\Result->fetchObject()
 3 SYSTEMPATH/Database/BaseResult.php(106): CodeIgniter\Database\BaseResult->getCustomResultObject()
 4 SYSTEMPATH/Model.php(224): CodeIgniter\Database\BaseResult->getResult()
 5 SYSTEMPATH/BaseModel.php(584): CodeIgniter\Model->doFindAll()
 6 SYSTEMPATH/BaseModel.php(1109): CodeIgniter\BaseModel->findAll()
 7 APPPATH/Controllers/Users.php(12): CodeIgniter\BaseModel->paginate()
 8 SYSTEMPATH/CodeIgniter.php(902): App\Controllers\Users->index()
 9 SYSTEMPATH/CodeIgniter.php(457): CodeIgniter\CodeIgniter->runController()
10 SYSTEMPATH/CodeIgniter.php(340): CodeIgniter\CodeIgniter->handleRequest()
11 FCPATH/index.php(67): CodeIgniter\CodeIgniter->run()
12 SYSTEMPATH/Commands/Server/rewrite.php(46): require_once('FCPATH/index.php')
CRITICAL - 2022-10-16 07:45:16 --> Failed to parse time string (ssss) at position 0 (s): The timezone could not be found in the database
in SYSTEMPATH/I18n/Time.php on line 100.
 1 SYSTEMPATH/I18n/Time.php(100): DateTime->__construct()
 2 SYSTEMPATH/I18n/Time.php(131): CodeIgniter\I18n\Time->__construct()
 3 SYSTEMPATH/Entity/Cast/DatetimeCast.php(45): CodeIgniter\I18n\Time::parse()
 4 SYSTEMPATH/Entity/Entity.php(320): CodeIgniter\Entity\Cast\DatetimeCast::get()
 5 SYSTEMPATH/Entity/Entity.php(502): CodeIgniter\Entity\Entity->mutateDate()
 6 APPPATH/Views/admin/users.php(27): CodeIgniter\Entity\Entity->__get()
 7 SYSTEMPATH/View/View.php(213): include('APPPATH/Views/admin/users.php')
 8 SYSTEMPATH/View/View.php(216): CodeIgniter\View\View->CodeIgniter\View\{closure}()
 9 SYSTEMPATH/Common.php(1142): CodeIgniter\View\View->render()
10 APPPATH/Controllers/Users.php(15): view()
11 SYSTEMPATH/CodeIgniter.php(902): App\Controllers\Users->index()
12 SYSTEMPATH/CodeIgniter.php(457): CodeIgniter\CodeIgniter->runController()
13 SYSTEMPATH/CodeIgniter.php(340): CodeIgniter\CodeIgniter->handleRequest()
14 FCPATH/index.php(67): CodeIgniter\CodeIgniter->run()
15 SYSTEMPATH/Commands/Server/rewrite.php(46): require_once('FCPATH/index.php')
CRITICAL - 2022-10-16 07:48:47 --> Call to undefined function App\Entities\format()
in APPPATH/Entities/User.php on line 21.
 1 SYSTEMPATH/Entity/Entity.php(491): App\Entities\User->getCreatedAt()
 2 APPPATH/Views/admin/users.php(27): CodeIgniter\Entity\Entity->__get()
 3 SYSTEMPATH/View/View.php(213): include('APPPATH/Views/admin/users.php')
 4 SYSTEMPATH/View/View.php(216): CodeIgniter\View\View->CodeIgniter\View\{closure}()
 5 SYSTEMPATH/Common.php(1142): CodeIgniter\View\View->render()
 6 APPPATH/Controllers/Users.php(15): view()
 7 SYSTEMPATH/CodeIgniter.php(902): App\Controllers\Users->index()
 8 SYSTEMPATH/CodeIgniter.php(457): CodeIgniter\CodeIgniter->runController()
 9 SYSTEMPATH/CodeIgniter.php(340): CodeIgniter\CodeIgniter->handleRequest()
10 FCPATH/index.php(67): CodeIgniter\CodeIgniter->run()
11 SYSTEMPATH/Commands/Server/rewrite.php(46): require_once('FCPATH/index.php')
CRITICAL - 2022-10-16 07:52:06 --> Failed to parse time string (sss) at position 0 (s): The timezone could not be found in the database
in SYSTEMPATH/I18n/Time.php on line 100.
 1 SYSTEMPATH/I18n/Time.php(100): DateTime->__construct()
 2 SYSTEMPATH/I18n/Time.php(131): CodeIgniter\I18n\Time->__construct()
 3 SYSTEMPATH/Entity/Cast/DatetimeCast.php(45): CodeIgniter\I18n\Time::parse()
 4 SYSTEMPATH/Entity/Entity.php(320): CodeIgniter\Entity\Cast\DatetimeCast::get()
 5 SYSTEMPATH/Entity/Entity.php(502): CodeIgniter\Entity\Entity->mutateDate()
 6 APPPATH/Views/admin/users.php(27): CodeIgniter\Entity\Entity->__get()
 7 SYSTEMPATH/View/View.php(213): include('APPPATH/Views/admin/users.php')
 8 SYSTEMPATH/View/View.php(216): CodeIgniter\View\View->CodeIgniter\View\{closure}()
 9 SYSTEMPATH/Common.php(1142): CodeIgniter\View\View->render()
10 APPPATH/Controllers/Users.php(15): view()
11 SYSTEMPATH/CodeIgniter.php(902): App\Controllers\Users->index()
12 SYSTEMPATH/CodeIgniter.php(457): CodeIgniter\CodeIgniter->runController()
13 SYSTEMPATH/CodeIgniter.php(340): CodeIgniter\CodeIgniter->handleRequest()
14 FCPATH/index.php(67): CodeIgniter\CodeIgniter->run()
15 SYSTEMPATH/Commands/Server/rewrite.php(46): require_once('FCPATH/index.php')
