ERROR - 2022-10-15 11:11:33 --> mysqli_sql_exception: Unknown column 'user_username' in 'where clause' in /home/mhrownaghi/Projects/codeigniter/blog/system/Database/MySQLi/Connection.php:292
Stack trace:
#0 /home/mhrownaghi/Projects/codeigniter/blog/system/Database/MySQLi/Connection.php(292): mysqli->query()
#1 /home/mhrownaghi/Projects/codeigniter/blog/system/Database/BaseConnection.php(693): CodeIgniter\Database\MySQLi\Connection->execute()
#2 /home/mhrownaghi/Projects/codeigniter/blog/system/Database/BaseConnection.php(620): CodeIgniter\Database\BaseConnection->simpleQuery()
#3 /home/mhrownaghi/Projects/codeigniter/blog/system/Database/BaseBuilder.php(1585): CodeIgniter\Database\BaseConnection->query()
#4 /home/mhrownaghi/Projects/codeigniter/blog/system/Validation/Rules.php(142): CodeIgniter\Database\BaseBuilder->get()
#5 /home/mhrownaghi/Projects/codeigniter/blog/system/Validation/Validation.php(315): CodeIgniter\Validation\Rules->is_unique()
#6 /home/mhrownaghi/Projects/codeigniter/blog/system/Validation/Validation.php(175): CodeIgniter\Validation\Validation->processRules()
#7 /home/mhrownaghi/Projects/codeigniter/blog/system/Controller.php(140): CodeIgniter\Validation\Validation->run()
#8 /home/mhrownaghi/Projects/codeigniter/blog/app/Controllers/Install.php(16): CodeIgniter\Controller->validate()
#9 /home/mhrownaghi/Projects/codeigniter/blog/system/CodeIgniter.php(902): App\Controllers\Install->index()
#10 /home/mhrownaghi/Projects/codeigniter/blog/system/CodeIgniter.php(457): CodeIgniter\CodeIgniter->runController()
#11 /home/mhrownaghi/Projects/codeigniter/blog/system/CodeIgniter.php(340): CodeIgniter\CodeIgniter->handleRequest()
#12 /home/mhrownaghi/Projects/codeigniter/blog/public/index.php(67): CodeIgniter\CodeIgniter->run()
#13 /home/mhrownaghi/Projects/codeigniter/blog/system/Commands/Server/rewrite.php(46): require_once('...')
#14 {main}
CRITICAL - 2022-10-15 11:11:33 --> Unknown column 'user_username' in 'where clause'
in SYSTEMPATH/Database/MySQLi/Connection.php on line 292.
 1 SYSTEMPATH/Database/MySQLi/Connection.php(292): mysqli->query()
 2 SYSTEMPATH/Database/BaseConnection.php(693): CodeIgniter\Database\MySQLi\Connection->execute()
 3 SYSTEMPATH/Database/BaseConnection.php(620): CodeIgniter\Database\BaseConnection->simpleQuery()
 4 SYSTEMPATH/Database/BaseBuilder.php(1585): CodeIgniter\Database\BaseConnection->query()
 5 SYSTEMPATH/Validation/Rules.php(142): CodeIgniter\Database\BaseBuilder->get()
 6 SYSTEMPATH/Validation/Validation.php(315): CodeIgniter\Validation\Rules->is_unique()
 7 SYSTEMPATH/Validation/Validation.php(175): CodeIgniter\Validation\Validation->processRules()
 8 SYSTEMPATH/Controller.php(140): CodeIgniter\Validation\Validation->run()
 9 APPPATH/Controllers/Install.php(16): CodeIgniter\Controller->validate()
10 SYSTEMPATH/CodeIgniter.php(902): App\Controllers\Install->index()
11 SYSTEMPATH/CodeIgniter.php(457): CodeIgniter\CodeIgniter->runController()
12 SYSTEMPATH/CodeIgniter.php(340): CodeIgniter\CodeIgniter->handleRequest()
13 FCPATH/index.php(67): CodeIgniter\CodeIgniter->run()
14 SYSTEMPATH/Commands/Server/rewrite.php(46): require_once('FCPATH/index.php')
ERROR - 2022-10-15 11:13:53 --> mysqli_sql_exception: Unknown column 'user_username' in 'where clause' in /home/mhrownaghi/Projects/codeigniter/blog/system/Database/MySQLi/Connection.php:292
Stack trace:
#0 /home/mhrownaghi/Projects/codeigniter/blog/system/Database/MySQLi/Connection.php(292): mysqli->query()
#1 /home/mhrownaghi/Projects/codeigniter/blog/system/Database/BaseConnection.php(693): CodeIgniter\Database\MySQLi\Connection->execute()
#2 /home/mhrownaghi/Projects/codeigniter/blog/system/Database/BaseConnection.php(620): CodeIgniter\Database\BaseConnection->simpleQuery()
#3 /home/mhrownaghi/Projects/codeigniter/blog/system/Database/BaseBuilder.php(1585): CodeIgniter\Database\BaseConnection->query()
#4 /home/mhrownaghi/Projects/codeigniter/blog/system/Validation/Rules.php(142): CodeIgniter\Database\BaseBuilder->get()
#5 /home/mhrownaghi/Projects/codeigniter/blog/system/Validation/Validation.php(315): CodeIgniter\Validation\Rules->is_unique()
#6 /home/mhrownaghi/Projects/codeigniter/blog/system/Validation/Validation.php(175): CodeIgniter\Validation\Validation->processRules()
#7 /home/mhrownaghi/Projects/codeigniter/blog/system/Controller.php(140): CodeIgniter\Validation\Validation->run()
#8 /home/mhrownaghi/Projects/codeigniter/blog/app/Controllers/Install.php(16): CodeIgniter\Controller->validate()
#9 /home/mhrownaghi/Projects/codeigniter/blog/system/CodeIgniter.php(902): App\Controllers\Install->index()
#10 /home/mhrownaghi/Projects/codeigniter/blog/system/CodeIgniter.php(457): CodeIgniter\CodeIgniter->runController()
#11 /home/mhrownaghi/Projects/codeigniter/blog/system/CodeIgniter.php(340): CodeIgniter\CodeIgniter->handleRequest()
#12 /home/mhrownaghi/Projects/codeigniter/blog/public/index.php(67): CodeIgniter\CodeIgniter->run()
#13 /home/mhrownaghi/Projects/codeigniter/blog/system/Commands/Server/rewrite.php(46): require_once('...')
#14 {main}
CRITICAL - 2022-10-15 11:13:53 --> Unknown column 'user_username' in 'where clause'
in SYSTEMPATH/Database/MySQLi/Connection.php on line 292.
 1 SYSTEMPATH/Database/MySQLi/Connection.php(292): mysqli->query()
 2 SYSTEMPATH/Database/BaseConnection.php(693): CodeIgniter\Database\MySQLi\Connection->execute()
 3 SYSTEMPATH/Database/BaseConnection.php(620): CodeIgniter\Database\BaseConnection->simpleQuery()
 4 SYSTEMPATH/Database/BaseBuilder.php(1585): CodeIgniter\Database\BaseConnection->query()
 5 SYSTEMPATH/Validation/Rules.php(142): CodeIgniter\Database\BaseBuilder->get()
 6 SYSTEMPATH/Validation/Validation.php(315): CodeIgniter\Validation\Rules->is_unique()
 7 SYSTEMPATH/Validation/Validation.php(175): CodeIgniter\Validation\Validation->processRules()
 8 SYSTEMPATH/Controller.php(140): CodeIgniter\Validation\Validation->run()
 9 APPPATH/Controllers/Install.php(16): CodeIgniter\Controller->validate()
10 SYSTEMPATH/CodeIgniter.php(902): App\Controllers\Install->index()
11 SYSTEMPATH/CodeIgniter.php(457): CodeIgniter\CodeIgniter->runController()
12 SYSTEMPATH/CodeIgniter.php(340): CodeIgniter\CodeIgniter->handleRequest()
13 FCPATH/index.php(67): CodeIgniter\CodeIgniter->run()
14 SYSTEMPATH/Commands/Server/rewrite.php(46): require_once('FCPATH/index.php')
ERROR - 2022-10-15 11:16:48 --> mysqli_sql_exception: Unknown column 'user_username' in 'where clause' in /home/mhrownaghi/Projects/codeigniter/blog/system/Database/MySQLi/Connection.php:292
Stack trace:
#0 /home/mhrownaghi/Projects/codeigniter/blog/system/Database/MySQLi/Connection.php(292): mysqli->query()
#1 /home/mhrownaghi/Projects/codeigniter/blog/system/Database/BaseConnection.php(693): CodeIgniter\Database\MySQLi\Connection->execute()
#2 /home/mhrownaghi/Projects/codeigniter/blog/system/Database/BaseConnection.php(620): CodeIgniter\Database\BaseConnection->simpleQuery()
#3 /home/mhrownaghi/Projects/codeigniter/blog/system/Database/BaseBuilder.php(1585): CodeIgniter\Database\BaseConnection->query()
#4 /home/mhrownaghi/Projects/codeigniter/blog/system/Validation/Rules.php(142): CodeIgniter\Database\BaseBuilder->get()
#5 /home/mhrownaghi/Projects/codeigniter/blog/system/Validation/Validation.php(315): CodeIgniter\Validation\Rules->is_unique()
#6 /home/mhrownaghi/Projects/codeigniter/blog/system/Validation/Validation.php(175): CodeIgniter\Validation\Validation->processRules()
#7 /home/mhrownaghi/Projects/codeigniter/blog/system/Controller.php(140): CodeIgniter\Validation\Validation->run()
#8 /home/mhrownaghi/Projects/codeigniter/blog/app/Controllers/Install.php(16): CodeIgniter\Controller->validate()
#9 /home/mhrownaghi/Projects/codeigniter/blog/system/CodeIgniter.php(902): App\Controllers\Install->index()
#10 /home/mhrownaghi/Projects/codeigniter/blog/system/CodeIgniter.php(457): CodeIgniter\CodeIgniter->runController()
#11 /home/mhrownaghi/Projects/codeigniter/blog/system/CodeIgniter.php(340): CodeIgniter\CodeIgniter->handleRequest()
#12 /home/mhrownaghi/Projects/codeigniter/blog/public/index.php(67): CodeIgniter\CodeIgniter->run()
#13 /home/mhrownaghi/Projects/codeigniter/blog/system/Commands/Server/rewrite.php(46): require_once('...')
#14 {main}
CRITICAL - 2022-10-15 11:16:48 --> Unknown column 'user_username' in 'where clause'
in SYSTEMPATH/Database/MySQLi/Connection.php on line 292.
 1 SYSTEMPATH/Database/MySQLi/Connection.php(292): mysqli->query()
 2 SYSTEMPATH/Database/BaseConnection.php(693): CodeIgniter\Database\MySQLi\Connection->execute()
 3 SYSTEMPATH/Database/BaseConnection.php(620): CodeIgniter\Database\BaseConnection->simpleQuery()
 4 SYSTEMPATH/Database/BaseBuilder.php(1585): CodeIgniter\Database\BaseConnection->query()
 5 SYSTEMPATH/Validation/Rules.php(142): CodeIgniter\Database\BaseBuilder->get()
 6 SYSTEMPATH/Validation/Validation.php(315): CodeIgniter\Validation\Rules->is_unique()
 7 SYSTEMPATH/Validation/Validation.php(175): CodeIgniter\Validation\Validation->processRules()
 8 SYSTEMPATH/Controller.php(140): CodeIgniter\Validation\Validation->run()
 9 APPPATH/Controllers/Install.php(16): CodeIgniter\Controller->validate()
10 SYSTEMPATH/CodeIgniter.php(902): App\Controllers\Install->index()
11 SYSTEMPATH/CodeIgniter.php(457): CodeIgniter\CodeIgniter->runController()
12 SYSTEMPATH/CodeIgniter.php(340): CodeIgniter\CodeIgniter->handleRequest()
13 FCPATH/index.php(67): CodeIgniter\CodeIgniter->run()
14 SYSTEMPATH/Commands/Server/rewrite.php(46): require_once('FCPATH/index.php')
